2025-12-10 14:10:23,785 INFO o.a.j.u.JMeterUtils: Setting Locale to en_EN
2025-12-10 14:10:23,809 INFO o.a.j.JMeter: Loading user properties from: C:\apache-jmeter-5.6.3\bin\user.properties
2025-12-10 14:10:23,810 INFO o.a.j.JMeter: Loading system properties from: C:\apache-jmeter-5.6.3\bin\system.properties
2025-12-10 14:10:23,817 INFO o.a.j.JMeter: Copyright (c) 1998-2024 The Apache Software Foundation
2025-12-10 14:10:23,818 INFO o.a.j.JMeter: Version 5.6.3
2025-12-10 14:10:23,818 INFO o.a.j.JMeter: java.version=25
2025-12-10 14:10:23,818 INFO o.a.j.JMeter: java.vm.name=Java HotSpot(TM) 64-Bit Server VM
2025-12-10 14:10:23,818 INFO o.a.j.JMeter: os.name=Windows 10
2025-12-10 14:10:23,818 INFO o.a.j.JMeter: os.arch=amd64
2025-12-10 14:10:23,818 INFO o.a.j.JMeter: os.version=10.0
2025-12-10 14:10:23,818 INFO o.a.j.JMeter: file.encoding=UTF-8
2025-12-10 14:10:23,818 INFO o.a.j.JMeter: java.awt.headless=true
2025-12-10 14:10:23,818 INFO o.a.j.JMeter: Max memory     =1073741824
2025-12-10 14:10:23,818 INFO o.a.j.JMeter: Available Processors =4
2025-12-10 14:10:23,836 INFO o.a.j.JMeter: Default Locale=English (EN)
2025-12-10 14:10:23,837 INFO o.a.j.JMeter: JMeter  Locale=English (EN)
2025-12-10 14:10:23,838 INFO o.a.j.JMeter: JMeterHome=C:\apache-jmeter-5.6.3
2025-12-10 14:10:23,838 INFO o.a.j.JMeter: user.dir  =D:\assessment_3\jmeter
2025-12-10 14:10:23,839 INFO o.a.j.JMeter: PWD       =D:\assessment_3\jmeter
2025-12-10 14:10:23,843 INFO o.a.j.JMeter: IP: 172.19.35.14 Name: 9542c961512a5ef FullName: 172.19.35.14
2025-12-10 14:10:23,865 INFO o.a.j.JMeter: Setting property 'jmeter.reportgenerator.outputdir' to:'D:\assessment_3\jmeter\result\output_html_report'
2025-12-10 14:10:23,869 INFO o.a.j.s.FileServer: Default base='D:\assessment_3\jmeter'
2025-12-10 14:10:23,869 INFO o.a.j.s.FileServer: Set new base='D:\assessment_3\jmeter'
2025-12-10 14:10:24,232 INFO o.a.j.s.SaveService: Testplan (JMX) version: 2.2. Testlog (JTL) version: 2.2
2025-12-10 14:10:24,260 INFO o.a.j.s.SaveService: Using SaveService properties version 5.0
2025-12-10 14:10:24,264 INFO o.a.j.s.SaveService: Using SaveService properties file encoding UTF-8
2025-12-10 14:10:24,268 INFO o.a.j.s.SaveService: Loading file: assessment_3.jmx
2025-12-10 14:10:24,319 INFO o.a.j.p.h.c.CookieManager: Settings: Delete null: true Check: true Allow variable: true Save: false Prefix: COOKIE_
2025-12-10 14:10:24,323 INFO o.a.j.p.h.c.CacheManager: Will only cache the following methods: [GET]
2025-12-10 14:10:24,352 INFO o.a.j.p.h.s.HTTPSamplerBase: Parser for text/html is org.apache.jmeter.protocol.http.parser.LagartoBasedHtmlParser
2025-12-10 14:10:24,353 INFO o.a.j.p.h.s.HTTPSamplerBase: Parser for application/xhtml+xml is org.apache.jmeter.protocol.http.parser.LagartoBasedHtmlParser
2025-12-10 14:10:24,353 INFO o.a.j.p.h.s.HTTPSamplerBase: Parser for application/xml is org.apache.jmeter.protocol.http.parser.LagartoBasedHtmlParser
2025-12-10 14:10:24,353 INFO o.a.j.p.h.s.HTTPSamplerBase: Parser for text/xml is org.apache.jmeter.protocol.http.parser.LagartoBasedHtmlParser
2025-12-10 14:10:24,353 INFO o.a.j.p.h.s.HTTPSamplerBase: Parser for text/vnd.wap.wml is org.apache.jmeter.protocol.http.parser.RegexpHTMLParser
2025-12-10 14:10:24,353 INFO o.a.j.p.h.s.HTTPSamplerBase: Parser for text/css is org.apache.jmeter.protocol.http.parser.CssParser
2025-12-10 14:10:24,404 INFO o.a.j.JMeter: Creating summariser <summary>
2025-12-10 14:10:24,409 INFO o.a.j.r.d.ReportGenerator: ReportGenerator will use for Parsing the separator: ','
2025-12-10 14:10:24,409 INFO o.a.j.r.d.ReportGenerator: Will generate report at end of test from  results file: result/result.jtl
2025-12-10 14:10:24,409 INFO o.a.j.r.d.ReportGenerator: Reading report generator properties from: C:\apache-jmeter-5.6.3\bin\reportgenerator.properties
2025-12-10 14:10:24,410 INFO o.a.j.r.d.ReportGenerator: Merging with JMeter properties
2025-12-10 14:10:24,414 INFO o.a.j.r.c.ReportGeneratorConfiguration: Property 'jmeter.reportgenerator.temp_dir' not found, using default value 'temp' instead.
2025-12-10 14:10:24,417 INFO o.a.j.r.c.ReportGeneratorConfiguration: Property 'jmeter.reportgenerator.apdex_per_transaction' not found, using default value 'null' instead.
2025-12-10 14:10:24,417 INFO o.a.j.r.c.ReportGeneratorConfiguration: apdex_per_transaction is empty, not APDEX per transaction customization
2025-12-10 14:10:24,418 INFO o.a.j.r.c.ReportGeneratorConfiguration: Property 'jmeter.reportgenerator.sample_filter' not found, using default value 'null' instead.
2025-12-10 14:10:24,418 INFO o.a.j.r.c.ReportGeneratorConfiguration: Property 'jmeter.reportgenerator.report_title' not found, using default value 'null' instead.
2025-12-10 14:10:24,418 INFO o.a.j.r.c.ReportGeneratorConfiguration: Property 'jmeter.reportgenerator.start_date' not found, using default value 'null' instead.
2025-12-10 14:10:24,418 INFO o.a.j.r.c.ReportGeneratorConfiguration: Property 'jmeter.reportgenerator.end_date' not found, using default value 'null' instead.
2025-12-10 14:10:24,418 INFO o.a.j.r.c.ReportGeneratorConfiguration: Property 'jmeter.reportgenerator.date_format' not found, using default value 'null' instead.
2025-12-10 14:10:24,418 INFO o.a.j.r.c.ReportGeneratorConfiguration: Will use date range start date: null, end date: null
2025-12-10 14:10:24,422 INFO o.a.j.r.c.ReportGeneratorConfiguration: Property 'jmeter.reportgenerator.graph.totalTPS.exclude_controllers' not found, using default value 'false' instead.
2025-12-10 14:10:24,423 INFO o.a.j.r.c.ReportGeneratorConfiguration: Property 'jmeter.reportgenerator.graph.activeThreadsOverTime.exclude_controllers' not found, using default value 'false' instead.
2025-12-10 14:10:24,423 INFO o.a.j.r.c.ReportGeneratorConfiguration: Property 'jmeter.reportgenerator.graph.timeVsThreads.exclude_controllers' not found, using default value 'false' instead.
2025-12-10 14:10:24,423 INFO o.a.j.r.c.ReportGeneratorConfiguration: Property 'jmeter.reportgenerator.graph.responseTimeDistribution.exclude_controllers' not found, using default value 'false' instead.
2025-12-10 14:10:24,423 INFO o.a.j.r.c.ReportGeneratorConfiguration: Property 'jmeter.reportgenerator.graph.transactionsPerSecond.exclude_controllers' not found, using default value 'false' instead.
2025-12-10 14:10:24,423 INFO o.a.j.r.c.ReportGeneratorConfiguration: Property 'jmeter.reportgenerator.graph.responseTimePercentiles.exclude_controllers' not found, using default value 'false' instead.
2025-12-10 14:10:24,424 INFO o.a.j.r.c.ReportGeneratorConfiguration: Property 'jmeter.reportgenerator.graph.responseTimePercentilesOverTime.exclude_controllers' not found, using default value 'false' instead.
2025-12-10 14:10:24,424 INFO o.a.j.r.c.ReportGeneratorConfiguration: Property 'jmeter.reportgenerator.graph.responseTimesOverTime.exclude_controllers' not found, using default value 'false' instead.
2025-12-10 14:10:24,424 INFO o.a.j.r.c.ReportGeneratorConfiguration: Property 'jmeter.reportgenerator.graph.connectTimeOverTime.exclude_controllers' not found, using default value 'false' instead.
2025-12-10 14:10:24,424 INFO o.a.j.r.c.ReportGeneratorConfiguration: Property 'jmeter.reportgenerator.graph.latenciesOverTime.exclude_controllers' not found, using default value 'false' instead.
2025-12-10 14:10:24,425 INFO o.a.j.r.c.ReportGeneratorConfiguration: Property 'jmeter.reportgenerator.exporter.json.filters_only_sample_series' not found, using default value 'true' instead.
2025-12-10 14:10:24,425 INFO o.a.j.r.c.ReportGeneratorConfiguration: Property 'jmeter.reportgenerator.exporter.json.series_filter' not found, using default value '' instead.
2025-12-10 14:10:24,425 INFO o.a.j.r.c.ReportGeneratorConfiguration: Property 'jmeter.reportgenerator.exporter.json.show_controllers_only' not found, using default value 'false' instead.
2025-12-10 14:10:24,426 INFO o.a.j.r.c.ReportGeneratorConfiguration: Property 'jmeter.reportgenerator.exporter.html.filters_only_sample_series' not found, using default value 'true' instead.
2025-12-10 14:10:24,426 INFO o.a.j.r.c.ReportGeneratorConfiguration: Property 'jmeter.reportgenerator.exporter.html.series_filter' not found, using default value '' instead.
2025-12-10 14:10:24,426 INFO o.a.j.r.c.ReportGeneratorConfiguration: Property 'jmeter.reportgenerator.exporter.html.show_controllers_only' not found, using default value 'false' instead.
2025-12-10 14:10:24,446 INFO o.a.j.e.StandardJMeterEngine: Running the test!
2025-12-10 14:10:24,447 INFO o.a.j.s.SampleEvent: List of sample_variables: []
2025-12-10 14:10:24,447 INFO o.a.j.s.SampleEvent: List of sample_variables: []
2025-12-10 14:10:24,453 INFO o.a.j.e.u.CompoundVariable: Note: Function class names must contain the string: '.functions.'
2025-12-10 14:10:24,453 INFO o.a.j.e.u.CompoundVariable: Note: Function class names must not contain the string: '.gui.'
2025-12-10 14:10:24,534 INFO o.a.j.r.ClassFinder: Will scan jar C:\apache-jmeter-5.6.3\lib\ext\jmeter-plugins-webdriver-4.13.0.2.jar with filter ExtendsClassFilter [parents=[interface org.apache.jmeter.functions.Function], inner=false, contains=null, notContains=null]. Consider exposing JMeter plugins via META-INF/services, and add JMeter-Skip-Class-Scanning=true manifest attribute so JMeter can skip classfile scanning
2025-12-10 14:10:24,550 INFO o.a.j.r.ClassFinder: Will scan jar C:\apache-jmeter-5.6.3\lib\ext\jmeter-plugins-manager-1.11.jar with filter ExtendsClassFilter [parents=[interface org.apache.jmeter.functions.Function], inner=false, contains=null, notContains=null]. Consider exposing JMeter plugins via META-INF/services, and add JMeter-Skip-Class-Scanning=true manifest attribute so JMeter can skip classfile scanning
2025-12-10 14:10:24,681 INFO o.a.j.r.ClassFinder: Will scan jar C:\apache-jmeter-5.6.3\lib\ext\jmeter-plugins-casutg-3.1.1.jar with filter ExtendsClassFilter [parents=[interface org.apache.jmeter.functions.Function], inner=false, contains=null, notContains=null]. Consider exposing JMeter plugins via META-INF/services, and add JMeter-Skip-Class-Scanning=true manifest attribute so JMeter can skip classfile scanning
2025-12-10 14:10:24,752 INFO o.a.j.JMeter: Running test (1765356024752)
2025-12-10 14:10:24,779 INFO o.a.j.e.StandardJMeterEngine: Starting ThreadGroup: 1 : response_time and througput
2025-12-10 14:10:24,779 INFO o.a.j.e.StandardJMeterEngine: Starting 10 threads for group response_time and througput.
2025-12-10 14:10:24,779 INFO o.a.j.e.StandardJMeterEngine: Thread will continue on error
2025-12-10 14:10:24,779 INFO o.a.j.t.ThreadGroup: Starting thread group... number=1 threads=10 ramp-up=1 delayedStart=false
2025-12-10 14:10:24,798 INFO o.a.j.t.ThreadGroup: Started thread group number 1
2025-12-10 14:10:24,798 INFO o.a.j.e.StandardJMeterEngine: Starting ThreadGroup: 2 : Scalability
2025-12-10 14:10:24,798 INFO o.a.j.e.StandardJMeterEngine: Starting 10 threads for group Scalability.
2025-12-10 14:10:24,798 INFO o.a.j.e.StandardJMeterEngine: Thread will continue on error
2025-12-10 14:10:24,798 INFO o.a.j.t.ThreadGroup: Starting thread group... number=2 threads=10 ramp-up=120 delayedStart=false
2025-12-10 14:10:24,807 INFO o.a.j.t.ThreadGroup: Started thread group number 2
2025-12-10 14:10:24,807 INFO o.a.j.e.StandardJMeterEngine: All thread groups have been started
2025-12-10 14:10:24,843 INFO o.a.j.s.SampleResult: Note: Sample TimeStamps are START times
2025-12-10 14:10:24,844 INFO o.a.j.s.SampleResult: sampleresult.default.encoding is set to UTF-8
2025-12-10 14:10:24,844 INFO o.a.j.s.SampleResult: sampleresult.useNanoTime=true
2025-12-10 14:10:24,844 INFO o.a.j.s.SampleResult: sampleresult.nanoThreadSleep=5000
2025-12-10 14:10:24,852 INFO o.a.j.t.JMeterThread: Thread started: Scalability 2-1
2025-12-10 14:10:24,854 INFO o.a.j.s.FileServer: Stored: D:/assessment_3/jmeter/product.csv
2025-12-10 14:10:24,860 INFO o.a.j.t.JMeterThread: Thread started: response_time and througput 1-1
2025-12-10 14:10:24,888 INFO o.a.j.p.h.s.HTTPHCAbstractImpl: Local host = 9542c961512a5ef
2025-12-10 14:10:24,893 INFO o.a.j.p.h.s.HTTPHC4Impl: HTTP request retry count = 0
2025-12-10 14:10:24,945 INFO o.a.j.t.JMeterThread: Thread started: response_time and througput 1-2
2025-12-10 14:10:24,963 INFO o.a.j.p.h.s.h.LazyLayeredConnectionSocketFactory: Setting up HTTPS TrustAll Socket Factory
2025-12-10 14:10:24,969 INFO o.a.j.u.JsseSSLManager: Using default SSL protocol: TLS
2025-12-10 14:10:24,969 INFO o.a.j.u.JsseSSLManager: SSL session context: per-thread
2025-12-10 14:10:25,046 INFO o.a.j.t.JMeterThread: Thread started: response_time and througput 1-3
2025-12-10 14:10:25,155 INFO o.a.j.t.JMeterThread: Thread started: response_time and througput 1-4
2025-12-10 14:10:25,163 INFO o.a.j.u.SSLManager: JmeterKeyStore Location:  type JKS
2025-12-10 14:10:25,166 INFO o.a.j.u.SSLManager: KeyStore created OK
2025-12-10 14:10:25,166 WARN o.a.j.u.SSLManager: Keystore file not found, loading empty keystore
2025-12-10 14:10:25,247 INFO o.a.j.t.JMeterThread: Thread started: response_time and througput 1-5
2025-12-10 14:10:25,337 INFO o.a.j.t.JMeterThread: Thread started: response_time and througput 1-6
2025-12-10 14:10:25,435 INFO o.a.j.t.JMeterThread: Thread started: response_time and througput 1-7
2025-12-10 14:10:25,561 INFO o.a.j.t.JMeterThread: Thread started: response_time and througput 1-8
2025-12-10 14:10:25,645 INFO o.a.j.t.JMeterThread: Thread started: response_time and througput 1-9
2025-12-10 14:10:25,743 INFO o.a.j.t.JMeterThread: Thread started: response_time and througput 1-10
2025-12-10 14:10:36,858 INFO o.a.j.t.JMeterThread: Thread started: Scalability 2-2
2025-12-10 14:10:38,276 INFO o.a.j.t.JMeterThread: Thread is done: response_time and througput 1-5
2025-12-10 14:10:38,277 INFO o.a.j.t.JMeterThread: Thread is done: Scalability 2-1
2025-12-10 14:10:38,277 INFO o.a.j.t.JMeterThread: Thread finished: response_time and througput 1-5
2025-12-10 14:10:38,277 INFO o.a.j.t.JMeterThread: Thread finished: Scalability 2-1
2025-12-10 14:10:38,277 INFO o.a.j.t.JMeterThread: Thread is done: response_time and througput 1-4
2025-12-10 14:10:38,277 INFO o.a.j.t.JMeterThread: Thread finished: response_time and througput 1-4
2025-12-10 14:10:38,303 INFO o.a.j.t.JMeterThread: Thread is done: response_time and througput 1-2
2025-12-10 14:10:38,303 INFO o.a.j.t.JMeterThread: Thread finished: response_time and througput 1-2
2025-12-10 14:10:38,366 INFO o.a.j.t.JMeterThread: Thread is done: response_time and througput 1-3
2025-12-10 14:10:38,366 INFO o.a.j.t.JMeterThread: Thread finished: response_time and througput 1-3
2025-12-10 14:10:38,432 INFO o.a.j.t.JMeterThread: Thread is done: response_time and througput 1-6
2025-12-10 14:10:38,432 INFO o.a.j.t.JMeterThread: Thread finished: response_time and througput 1-6
2025-12-10 14:10:38,435 INFO o.a.j.t.JMeterThread: Thread is done: response_time and througput 1-7
2025-12-10 14:10:38,435 INFO o.a.j.t.JMeterThread: Thread finished: response_time and througput 1-7
2025-12-10 14:10:38,584 INFO o.a.j.t.JMeterThread: Thread is done: response_time and througput 1-1
2025-12-10 14:10:38,584 INFO o.a.j.t.JMeterThread: Thread finished: response_time and througput 1-1
2025-12-10 14:10:38,800 INFO o.a.j.t.JMeterThread: Thread is done: response_time and througput 1-9
2025-12-10 14:10:38,801 INFO o.a.j.t.JMeterThread: Thread finished: response_time and througput 1-9
2025-12-10 14:10:38,801 INFO o.a.j.t.JMeterThread: Thread is done: response_time and througput 1-8
2025-12-10 14:10:38,801 INFO o.a.j.t.JMeterThread: Thread finished: response_time and througput 1-8
2025-12-10 14:10:38,804 INFO o.a.j.t.JMeterThread: Thread is done: response_time and througput 1-10
2025-12-10 14:10:38,805 INFO o.a.j.t.JMeterThread: Thread finished: response_time and througput 1-10
2025-12-10 14:10:48,856 INFO o.a.j.t.JMeterThread: Thread started: Scalability 2-3
2025-12-10 14:10:49,812 INFO o.a.j.t.JMeterThread: Thread is done: Scalability 2-2
2025-12-10 14:10:49,812 INFO o.a.j.t.JMeterThread: Thread finished: Scalability 2-2
2025-12-10 14:11:00,862 INFO o.a.j.t.JMeterThread: Thread started: Scalability 2-4
2025-12-10 14:11:02,048 INFO o.a.j.t.JMeterThread: Thread is done: Scalability 2-3
2025-12-10 14:11:02,048 INFO o.a.j.t.JMeterThread: Thread finished: Scalability 2-3
2025-12-10 14:11:12,850 INFO o.a.j.t.JMeterThread: Thread started: Scalability 2-5
2025-12-10 14:11:17,329 INFO o.a.j.t.JMeterThread: Thread is done: Scalability 2-4
2025-12-10 14:11:17,329 INFO o.a.j.t.JMeterThread: Thread finished: Scalability 2-4
2025-12-10 14:11:24,853 INFO o.a.j.t.JMeterThread: Thread started: Scalability 2-6
2025-12-10 14:11:26,107 INFO o.a.j.t.JMeterThread: Thread is done: Scalability 2-5
2025-12-10 14:11:26,107 INFO o.a.j.t.JMeterThread: Thread finished: Scalability 2-5
2025-12-10 14:11:36,850 INFO o.a.j.t.JMeterThread: Thread started: Scalability 2-7
2025-12-10 14:11:37,795 INFO o.a.j.t.JMeterThread: Thread is done: Scalability 2-6
2025-12-10 14:11:37,795 INFO o.a.j.t.JMeterThread: Thread finished: Scalability 2-6
2025-12-10 14:11:48,857 INFO o.a.j.t.JMeterThread: Thread started: Scalability 2-8
2025-12-10 14:11:49,907 INFO o.a.j.t.JMeterThread: Thread is done: Scalability 2-7
2025-12-10 14:11:49,907 INFO o.a.j.t.JMeterThread: Thread finished: Scalability 2-7
2025-12-10 14:12:00,838 INFO o.a.j.t.JMeterThread: Thread started: Scalability 2-9
2025-12-10 14:12:01,850 INFO o.a.j.t.JMeterThread: Thread is done: Scalability 2-8
2025-12-10 14:12:01,850 INFO o.a.j.t.JMeterThread: Thread finished: Scalability 2-8
2025-12-10 14:12:12,857 INFO o.a.j.t.JMeterThread: Thread started: Scalability 2-10
2025-12-10 14:12:13,861 INFO o.a.j.t.JMeterThread: Thread is done: Scalability 2-9
2025-12-10 14:12:13,861 INFO o.a.j.t.JMeterThread: Thread finished: Scalability 2-9
2025-12-10 14:12:26,091 INFO o.a.j.t.JMeterThread: Thread is done: Scalability 2-10
2025-12-10 14:12:26,091 INFO o.a.j.t.JMeterThread: Thread finished: Scalability 2-10
2025-12-10 14:12:26,092 INFO o.a.j.e.StandardJMeterEngine: Notifying test listeners of end of test
2025-12-10 14:12:26,092 INFO o.a.j.s.FileServer: Close: D:/assessment_3/jmeter/product.csv
2025-12-10 14:12:26,094 INFO o.a.j.r.Summariser: summary =      0 in 00:00:00 = ******/s Avg:     0 Min: 9223372036854775807 Max: -9223372036854775808 Err:     0 (0.00%)
2025-12-10 14:12:26,098 INFO o.a.j.JMeter: Generating Dashboard
2025-12-10 14:12:26,098 INFO o.a.j.r.d.ReportGenerator: Flushing result collector before report Generation
2025-12-10 14:12:26,139 INFO o.a.j.r.p.NormalizerSampleConsumer: Using format, 'ms', to parse timeStamp field
2025-12-10 14:12:26,244 INFO o.a.j.r.p.AbstractSampleConsumer: class org.apache.jmeter.report.processor.AggregateConsumer#stopProducing(): beginDate produced 0 samples
2025-12-10 14:12:26,244 INFO o.a.j.r.p.AbstractSampleConsumer: class org.apache.jmeter.report.processor.AggregateConsumer#stopProducing(): endDate produced 0 samples
2025-12-10 14:12:26,246 INFO o.a.j.r.p.AbstractSampleConsumer: class org.apache.jmeter.report.processor.ApdexSummaryConsumer#stopProducing(): apdexSummary produced 0 samples
2025-12-10 14:12:26,246 INFO o.a.j.r.p.AbstractSampleConsumer: class org.apache.jmeter.report.processor.RequestsSummaryConsumer#stopProducing(): requestsSummary produced 0 samples
2025-12-10 14:12:26,252 INFO o.a.j.r.p.AbstractSampleConsumer: class org.apache.jmeter.report.processor.StatisticsSummaryConsumer#stopProducing(): statisticsSummary produced 0 samples
2025-12-10 14:12:26,254 INFO o.a.j.r.p.AbstractSampleConsumer: class org.apache.jmeter.report.processor.Top5ErrorsBySamplerConsumer#stopProducing(): top5ErrorsBySampler produced 0 samples
2025-12-10 14:12:26,254 INFO o.a.j.r.p.AbstractSampleConsumer: class org.apache.jmeter.report.processor.ErrorsSummaryConsumer#stopProducing(): errorsSummary produced 0 samples
2025-12-10 14:12:26,254 INFO o.a.j.r.p.AbstractSampleConsumer: class org.apache.jmeter.report.processor.graph.impl.HitsPerSecondGraphConsumer#stopProducing(): hitsPerSecond produced 0 samples
2025-12-10 14:12:26,307 INFO o.a.j.r.p.AbstractSampleConsumer: class org.apache.jmeter.report.processor.graph.impl.LatencyVSRequestGraphConsumer#stopProducing(): latencyVsRequest produced 0 samples
2025-12-10 14:12:26,307 INFO o.a.j.r.p.AbstractSampleConsumer: class org.apache.jmeter.report.processor.graph.impl.SyntheticResponseTimeDistributionGraphConsumer#stopProducing(): syntheticResponseTimeDistribution produced 0 samples
2025-12-10 14:12:26,308 INFO o.a.j.r.p.AbstractSampleConsumer: class org.apache.jmeter.report.processor.graph.impl.BytesThroughputGraphConsumer#stopProducing(): bytesThroughputOverTime produced 0 samples
2025-12-10 14:12:26,308 INFO o.a.j.r.p.AbstractSampleConsumer: class org.apache.jmeter.report.processor.graph.impl.CodesPerSecondGraphConsumer#stopProducing(): codesPerSecond produced 0 samples
2025-12-10 14:12:26,344 INFO o.a.j.r.p.AbstractSampleConsumer: class org.apache.jmeter.report.processor.graph.impl.ResponseTimeVSRequestGraphConsumer#stopProducing(): responseTimeVsRequest produced 0 samples
2025-12-10 14:12:26,344 INFO o.a.j.r.p.AbstractSampleConsumer: class org.apache.jmeter.report.processor.FilterConsumer#stopProducing(): startIntervalControlerFilter produced 1120 samples
2025-12-10 14:12:26,344 INFO o.a.j.r.p.AbstractSampleConsumer: class org.apache.jmeter.report.processor.graph.impl.TotalTPSGraphConsumer#stopProducing(): totalTPS produced 0 samples
2025-12-10 14:12:26,344 INFO o.a.j.r.p.AbstractSampleConsumer: class org.apache.jmeter.report.processor.graph.impl.ActiveThreadsGraphConsumer#stopProducing(): activeThreadsOverTime produced 0 samples
2025-12-10 14:12:26,344 INFO o.a.j.r.p.AbstractSampleConsumer: class org.apache.jmeter.report.processor.graph.impl.TimeVSThreadGraphConsumer#stopProducing(): timeVsThreads produced 0 samples
2025-12-10 14:12:26,347 INFO o.a.j.r.p.AbstractSampleConsumer: class org.apache.jmeter.report.processor.graph.impl.ResponseTimeDistributionGraphConsumer#stopProducing(): responseTimeDistribution produced 0 samples
2025-12-10 14:12:26,348 INFO o.a.j.r.p.AbstractSampleConsumer: class org.apache.jmeter.report.processor.graph.impl.TransactionsPerSecondGraphConsumer#stopProducing(): transactionsPerSecond produced 0 samples
2025-12-10 14:12:26,348 INFO o.a.j.r.p.AbstractSampleConsumer: class org.apache.jmeter.report.processor.graph.impl.ResponseTimePercentilesGraphConsumer#stopProducing(): responseTimePercentiles produced 0 samples
2025-12-10 14:12:26,355 INFO o.a.j.r.p.AbstractSampleConsumer: class org.apache.jmeter.report.processor.graph.impl.ResponseTimePercentilesOverTimeGraphConsumer#stopProducing(): responseTimePercentilesOverTime produced 0 samples
2025-12-10 14:12:26,355 INFO o.a.j.r.p.AbstractSampleConsumer: class org.apache.jmeter.report.processor.graph.impl.ResponseTimeOverTimeGraphConsumer#stopProducing(): responseTimesOverTime produced 0 samples
2025-12-10 14:12:26,356 INFO o.a.j.r.p.AbstractSampleConsumer: class org.apache.jmeter.report.processor.graph.impl.ConnectTimeOverTimeGraphConsumer#stopProducing(): connectTimeOverTime produced 0 samples
2025-12-10 14:12:26,356 INFO o.a.j.r.p.AbstractSampleConsumer: class org.apache.jmeter.report.processor.graph.impl.LatencyOverTimeGraphConsumer#stopProducing(): latenciesOverTime produced 0 samples
2025-12-10 14:12:26,356 INFO o.a.j.r.p.AbstractSampleConsumer: class org.apache.jmeter.report.processor.FilterConsumer#stopProducing(): nameFilter produced 2700 samples
2025-12-10 14:12:26,356 INFO o.a.j.r.p.AbstractSampleConsumer: class org.apache.jmeter.report.processor.FilterConsumer#stopProducing(): dateRangeFilter produced 540 samples
2025-12-10 14:12:26,356 INFO o.a.j.r.p.AbstractSampleConsumer: class org.apache.jmeter.report.processor.NormalizerSampleConsumer#stopProducing(): normalizer produced 180 samples
2025-12-10 14:12:26,357 INFO o.a.j.r.p.CsvFileSampleSource: produce(): 180 samples produced in 186ms on channel 0
2025-12-10 14:12:26,357 INFO o.a.j.r.d.ReportGenerator: Exporting data using exporter:'json' of className:'org.apache.jmeter.report.dashboard.JsonExporter'
2025-12-10 14:12:26,458 INFO o.a.j.r.d.JsonExporter: Found data for consumer statisticsSummary in context
2025-12-10 14:12:26,458 INFO o.a.j.r.d.JsonExporter: Creating statistics for overall
2025-12-10 14:12:26,459 INFO o.a.j.r.d.JsonExporter: Creating statistics for other transactions
2025-12-10 14:12:26,459 INFO o.a.j.r.d.JsonExporter: Checking output folder
2025-12-10 14:12:26,460 INFO o.a.j.r.d.JsonExporter: Writing statistics JSON to D:\assessment_3\jmeter\result\output_html_report\statistics.json
2025-12-10 14:12:26,513 INFO o.a.j.r.d.ReportGenerator: Exporting data using exporter:'html' of className:'org.apache.jmeter.report.dashboard.HtmlTemplateExporter'
2025-12-10 14:12:26,515 INFO o.a.j.r.d.HtmlTemplateExporter: Will generate dashboard in folder: D:\assessment_3\jmeter\result\output_html_report
2025-12-10 14:12:26,662 INFO o.a.j.r.d.HtmlTemplateExporter: Report will be generated in: D:\assessment_3\jmeter\result\output_html_report, creating folder structure
2025-12-10 14:12:26,665 INFO o.a.j.r.d.TemplateVisitor: Copying folder from 'C:\apache-jmeter-5.6.3\bin\report-template' to 'D:\assessment_3\jmeter\result\output_html_report', got message: D:\assessment_3\jmeter\result\output_html_report, found non empty folder with following content [D:\assessment_3\jmeter\result\output_html_report\statistics.json], will be ignored
2025-12-10 14:12:27,125 INFO o.a.j.JMeter: Dashboard generated
